2018-02-28 21:50:36,484 INFO  [DefaultSoapUICore] initialized soapui-settings from [/Users/sensler/soapui-settings.xml]
2018-02-28 21:50:37,173 INFO  [Reflections] Reflections took 53 ms to scan 2 urls, producing 75 keys and 160 values 
2018-02-28 21:50:37,193 INFO  [Reflections] Reflections took 5 ms to scan 1 urls, producing 11 keys and 17 values 
2018-02-28 21:50:37,370 INFO  [Reflections] Reflections took 169 ms to scan 1 urls, producing 321 keys and 1510 values 
2018-02-28 21:50:37,391 INFO  [Reflections] Reflections took 3 ms to scan 1 urls, producing 13 keys and 21 values 
2018-02-28 21:50:37,547 INFO  [Reflections] Reflections took 116 ms to scan 13 urls, producing 341 keys and 1458 values 
2018-02-28 21:50:37,567 INFO  [PluginManager] Adding plugin from [/Users/sensler/.soapuios/plugins/ready-mqtt-plugin-dist.jar]
2018-02-28 21:50:37,567 INFO  [PluginManager] Adding plugin from [/Users/sensler/.soapuios/plugins/soapui-swagger-plugin-2.2-dist.jar]
2018-02-28 21:50:37,672 INFO  [Reflections] Reflections took 23 ms to scan 2 urls, producing 75 keys and 160 values 
2018-02-28 21:50:37,839 INFO  [Reflections] Reflections took 143 ms to scan 13 urls, producing 341 keys and 1458 values 
2018-02-28 21:50:38,337 INFO  [Reflections] Reflections took 658 ms to scan 1 urls, producing 1600 keys and 6547 values 
2018-02-28 21:50:38,345 ERROR [SoapUI] An error occurred [com.eviware.soapui.plugins.auto.factories.AutoDiscoveryMethodFactory], see error log for details
2018-02-28 21:50:38,346 ERROR [errorlog] java.lang.ClassNotFoundException: com.eviware.soapui.plugins.auto.factories.AutoDiscoveryMethodFactory
java.lang.ClassNotFoundException: com.eviware.soapui.plugins.auto.factories.AutoDiscoveryMethodFactory
	at java.net.URLClassLoader.findClass(URLClassLoader.java:381)
	at java.lang.ClassLoader.loadClass(ClassLoader.java:424)
	at sun.misc.Launcher$AppClassLoader.loadClass(Launcher.java:338)
	at java.lang.ClassLoader.loadClass(ClassLoader.java:357)
	at java.lang.Class.forName0(Native Method)
	at java.lang.Class.forName(Class.java:264)
	at com.eviware.soapui.plugins.LoaderBase.loadAutoFactories(LoaderBase.java:113)
	at com.eviware.soapui.plugins.LoaderBase.loadFactories(LoaderBase.java:80)
	at com.eviware.soapui.plugins.PluginLoader.loadPluginFactories(PluginLoader.java:141)
	at com.eviware.soapui.plugins.PluginLoader.loadPlugin(PluginLoader.java:104)
	at com.eviware.soapui.plugins.PluginLoader.loadPlugin(PluginLoader.java:54)
	at com.eviware.soapui.plugins.PluginManager.doInstallPlugin(PluginManager.java:141)
	at com.eviware.soapui.plugins.PluginManager.access$600(PluginManager.java:43)
	at com.eviware.soapui.plugins.PluginManager$LoadPluginsTask.computeSequentially(PluginManager.java:420)
	at com.eviware.soapui.plugins.PluginManager$LoadPluginsTask.compute(PluginManager.java:377)
	at com.eviware.soapui.plugins.PluginManager$LoadPluginsTask.compute(PluginManager.java:382)
	at com.eviware.soapui.plugins.PluginManager$LoadPluginsTask.compute(PluginManager.java:365)
	at java.util.concurrent.RecursiveTask.exec(RecursiveTask.java:94)
	at java.util.concurrent.ForkJoinTask.doExec(ForkJoinTask.java:289)
	at java.util.concurrent.ForkJoinPool$WorkQueue.runTask(ForkJoinPool.java:1056)
	at java.util.concurrent.ForkJoinPool.runWorker(ForkJoinPool.java:1692)
	at java.util.concurrent.ForkJoinWorkerThread.run(ForkJoinWorkerThread.java:157)
2018-02-28 21:50:38,352 ERROR [SoapUI] An error occurred [com.eviware.soapui.plugins.auto.factories.AutoImportMethodFactory], see error log for details
2018-02-28 21:50:38,352 ERROR [errorlog] java.lang.ClassNotFoundException: com.eviware.soapui.plugins.auto.factories.AutoImportMethodFactory
java.lang.ClassNotFoundException: com.eviware.soapui.plugins.auto.factories.AutoImportMethodFactory
	at java.net.URLClassLoader.findClass(URLClassLoader.java:381)
	at java.lang.ClassLoader.loadClass(ClassLoader.java:424)
	at sun.misc.Launcher$AppClassLoader.loadClass(Launcher.java:338)
	at java.lang.ClassLoader.loadClass(ClassLoader.java:357)
	at java.lang.Class.forName0(Native Method)
	at java.lang.Class.forName(Class.java:264)
	at com.eviware.soapui.plugins.LoaderBase.loadAutoFactories(LoaderBase.java:113)
	at com.eviware.soapui.plugins.LoaderBase.loadFactories(LoaderBase.java:80)
	at com.eviware.soapui.plugins.PluginLoader.loadPluginFactories(PluginLoader.java:141)
	at com.eviware.soapui.plugins.PluginLoader.loadPlugin(PluginLoader.java:104)
	at com.eviware.soapui.plugins.PluginLoader.loadPlugin(PluginLoader.java:54)
	at com.eviware.soapui.plugins.PluginManager.doInstallPlugin(PluginManager.java:141)
	at com.eviware.soapui.plugins.PluginManager.access$600(PluginManager.java:43)
	at com.eviware.soapui.plugins.PluginManager$LoadPluginsTask.computeSequentially(PluginManager.java:420)
	at com.eviware.soapui.plugins.PluginManager$LoadPluginsTask.compute(PluginManager.java:377)
	at com.eviware.soapui.plugins.PluginManager$LoadPluginsTask.compute(PluginManager.java:382)
	at com.eviware.soapui.plugins.PluginManager$LoadPluginsTask.compute(PluginManager.java:365)
	at java.util.concurrent.RecursiveTask.exec(RecursiveTask.java:94)
	at java.util.concurrent.ForkJoinTask.doExec(ForkJoinTask.java:289)
	at java.util.concurrent.ForkJoinPool$WorkQueue.runTask(ForkJoinPool.java:1056)
	at java.util.concurrent.ForkJoinPool.runWorker(ForkJoinPool.java:1692)
	at java.util.concurrent.ForkJoinWorkerThread.run(ForkJoinWorkerThread.java:157)
2018-02-28 21:50:38,354 INFO  [PluginManager] Adding plugin from [/Users/sensler/.soapuios/plugins/ready-uxm-plugin-1.0.1-dist.jar]
2018-02-28 21:50:38,453 INFO  [Reflections] Reflections took 607 ms to scan 1 urls, producing 1600 keys and 6547 values 
2018-02-28 21:50:38,453 ERROR [SoapUI] An error occurred [com.eviware.soapui.plugins.auto.factories.AutoDiscoveryMethodFactory], see error log for details
2018-02-28 21:50:38,453 ERROR [errorlog] java.lang.ClassNotFoundException: com.eviware.soapui.plugins.auto.factories.AutoDiscoveryMethodFactory
java.lang.ClassNotFoundException: com.eviware.soapui.plugins.auto.factories.AutoDiscoveryMethodFactory
	at java.net.URLClassLoader.findClass(URLClassLoader.java:381)
	at java.lang.ClassLoader.loadClass(ClassLoader.java:424)
	at sun.misc.Launcher$AppClassLoader.loadClass(Launcher.java:338)
	at java.lang.ClassLoader.loadClass(ClassLoader.java:357)
	at java.lang.Class.forName0(Native Method)
	at java.lang.Class.forName(Class.java:264)
	at com.eviware.soapui.plugins.LoaderBase.loadAutoFactories(LoaderBase.java:113)
	at com.eviware.soapui.plugins.LoaderBase.loadFactories(LoaderBase.java:80)
	at com.eviware.soapui.plugins.PluginLoader.loadPluginFactories(PluginLoader.java:141)
	at com.eviware.soapui.plugins.PluginLoader.loadPlugin(PluginLoader.java:104)
	at com.eviware.soapui.plugins.PluginLoader.loadPlugin(PluginLoader.java:54)
	at com.eviware.soapui.plugins.PluginManager.doInstallPlugin(PluginManager.java:141)
	at com.eviware.soapui.plugins.PluginManager.access$600(PluginManager.java:43)
	at com.eviware.soapui.plugins.PluginManager$LoadPluginsTask.computeSequentially(PluginManager.java:420)
	at com.eviware.soapui.plugins.PluginManager$LoadPluginsTask.compute(PluginManager.java:377)
	at com.eviware.soapui.plugins.PluginManager$LoadPluginsTask.compute(PluginManager.java:365)
	at java.util.concurrent.RecursiveTask.exec(RecursiveTask.java:94)
	at java.util.concurrent.ForkJoinTask.doExec(ForkJoinTask.java:289)
	at java.util.concurrent.ForkJoinPool$WorkQueue.runTask(ForkJoinPool.java:1056)
	at java.util.concurrent.ForkJoinPool.runWorker(ForkJoinPool.java:1692)
	at java.util.concurrent.ForkJoinWorkerThread.run(ForkJoinWorkerThread.java:157)
2018-02-28 21:50:38,455 ERROR [SoapUI] An error occurred [com.eviware.soapui.plugins.auto.factories.AutoImportMethodFactory], see error log for details
2018-02-28 21:50:38,455 ERROR [errorlog] java.lang.ClassNotFoundException: com.eviware.soapui.plugins.auto.factories.AutoImportMethodFactory
java.lang.ClassNotFoundException: com.eviware.soapui.plugins.auto.factories.AutoImportMethodFactory
	at java.net.URLClassLoader.findClass(URLClassLoader.java:381)
	at java.lang.ClassLoader.loadClass(ClassLoader.java:424)
	at sun.misc.Launcher$AppClassLoader.loadClass(Launcher.java:338)
	at java.lang.ClassLoader.loadClass(ClassLoader.java:357)
	at java.lang.Class.forName0(Native Method)
	at java.lang.Class.forName(Class.java:264)
	at com.eviware.soapui.plugins.LoaderBase.loadAutoFactories(LoaderBase.java:113)
	at com.eviware.soapui.plugins.LoaderBase.loadFactories(LoaderBase.java:80)
	at com.eviware.soapui.plugins.PluginLoader.loadPluginFactories(PluginLoader.java:141)
	at com.eviware.soapui.plugins.PluginLoader.loadPlugin(PluginLoader.java:104)
	at com.eviware.soapui.plugins.PluginLoader.loadPlugin(PluginLoader.java:54)
	at com.eviware.soapui.plugins.PluginManager.doInstallPlugin(PluginManager.java:141)
	at com.eviware.soapui.plugins.PluginManager.access$600(PluginManager.java:43)
	at com.eviware.soapui.plugins.PluginManager$LoadPluginsTask.computeSequentially(PluginManager.java:420)
	at com.eviware.soapui.plugins.PluginManager$LoadPluginsTask.compute(PluginManager.java:377)
	at com.eviware.soapui.plugins.PluginManager$LoadPluginsTask.compute(PluginManager.java:365)
	at java.util.concurrent.RecursiveTask.exec(RecursiveTask.java:94)
	at java.util.concurrent.ForkJoinTask.doExec(ForkJoinTask.java:289)
	at java.util.concurrent.ForkJoinPool$WorkQueue.runTask(ForkJoinPool.java:1056)
	at java.util.concurrent.ForkJoinPool.runWorker(ForkJoinPool.java:1692)
	at java.util.concurrent.ForkJoinWorkerThread.run(ForkJoinWorkerThread.java:157)
2018-02-28 21:50:38,467 INFO  [PluginManager] Adding plugin from [/Users/sensler/.soapuios/plugins/readyapi-postman-1.0.1.jar]
2018-02-28 21:50:38,474 INFO  [Reflections] Reflections took 5 ms to scan 1 urls, producing 11 keys and 17 values 
2018-02-28 21:50:38,515 INFO  [Reflections] Reflections took 155 ms to scan 1 urls, producing 321 keys and 1510 values 
2018-02-28 21:50:39,210 INFO  [Reflections] Reflections took 734 ms to scan 1 urls, producing 1600 keys and 6547 values 
2018-02-28 21:50:39,211 ERROR [SoapUI] An error occurred [com.eviware.soapui.plugins.auto.factories.AutoDiscoveryMethodFactory], see error log for details
2018-02-28 21:50:39,211 ERROR [errorlog] java.lang.ClassNotFoundException: com.eviware.soapui.plugins.auto.factories.AutoDiscoveryMethodFactory
java.lang.ClassNotFoundException: com.eviware.soapui.plugins.auto.factories.AutoDiscoveryMethodFactory
	at java.net.URLClassLoader.findClass(URLClassLoader.java:381)
	at java.lang.ClassLoader.loadClass(ClassLoader.java:424)
	at sun.misc.Launcher$AppClassLoader.loadClass(Launcher.java:338)
	at java.lang.ClassLoader.loadClass(ClassLoader.java:357)
	at java.lang.Class.forName0(Native Method)
	at java.lang.Class.forName(Class.java:264)
	at com.eviware.soapui.plugins.LoaderBase.loadAutoFactories(LoaderBase.java:113)
	at com.eviware.soapui.plugins.LoaderBase.loadFactories(LoaderBase.java:80)
	at com.eviware.soapui.plugins.PluginLoader.loadPluginFactories(PluginLoader.java:141)
	at com.eviware.soapui.plugins.PluginLoader.loadPlugin(PluginLoader.java:104)
	at com.eviware.soapui.plugins.PluginLoader.loadPlugin(PluginLoader.java:54)
	at com.eviware.soapui.plugins.PluginManager.doInstallPlugin(PluginManager.java:141)
	at com.eviware.soapui.plugins.PluginManager.access$600(PluginManager.java:43)
	at com.eviware.soapui.plugins.PluginManager$LoadPluginsTask.computeSequentially(PluginManager.java:420)
	at com.eviware.soapui.plugins.PluginManager$LoadPluginsTask.compute(PluginManager.java:377)
	at com.eviware.soapui.plugins.PluginManager$LoadPluginsTask.compute(PluginManager.java:365)
	at java.util.concurrent.RecursiveTask.exec(RecursiveTask.java:94)
	at java.util.concurrent.ForkJoinTask.doExec(ForkJoinTask.java:289)
	at java.util.concurrent.ForkJoinPool$WorkQueue.runTask(ForkJoinPool.java:1056)
	at java.util.concurrent.ForkJoinPool.runWorker(ForkJoinPool.java:1692)
	at java.util.concurrent.ForkJoinWorkerThread.run(ForkJoinWorkerThread.java:157)
2018-02-28 21:50:39,212 ERROR [SoapUI] An error occurred [com.eviware.soapui.plugins.auto.factories.AutoImportMethodFactory], see error log for details
2018-02-28 21:50:39,212 ERROR [errorlog] java.lang.ClassNotFoundException: com.eviware.soapui.plugins.auto.factories.AutoImportMethodFactory
java.lang.ClassNotFoundException: com.eviware.soapui.plugins.auto.factories.AutoImportMethodFactory
	at java.net.URLClassLoader.findClass(URLClassLoader.java:381)
	at java.lang.ClassLoader.loadClass(ClassLoader.java:424)
	at sun.misc.Launcher$AppClassLoader.loadClass(Launcher.java:338)
	at java.lang.ClassLoader.loadClass(ClassLoader.java:357)
	at java.lang.Class.forName0(Native Method)
	at java.lang.Class.forName(Class.java:264)
	at com.eviware.soapui.plugins.LoaderBase.loadAutoFactories(LoaderBase.java:113)
	at com.eviware.soapui.plugins.LoaderBase.loadFactories(LoaderBase.java:80)
	at com.eviware.soapui.plugins.PluginLoader.loadPluginFactories(PluginLoader.java:141)
	at com.eviware.soapui.plugins.PluginLoader.loadPlugin(PluginLoader.java:104)
	at com.eviware.soapui.plugins.PluginLoader.loadPlugin(PluginLoader.java:54)
	at com.eviware.soapui.plugins.PluginManager.doInstallPlugin(PluginManager.java:141)
	at com.eviware.soapui.plugins.PluginManager.access$600(PluginManager.java:43)
	at com.eviware.soapui.plugins.PluginManager$LoadPluginsTask.computeSequentially(PluginManager.java:420)
	at com.eviware.soapui.plugins.PluginManager$LoadPluginsTask.compute(PluginManager.java:377)
	at com.eviware.soapui.plugins.PluginManager$LoadPluginsTask.compute(PluginManager.java:365)
	at java.util.concurrent.RecursiveTask.exec(RecursiveTask.java:94)
	at java.util.concurrent.ForkJoinTask.doExec(ForkJoinTask.java:289)
	at java.util.concurrent.ForkJoinPool$WorkQueue.runTask(ForkJoinPool.java:1056)
	at java.util.concurrent.ForkJoinPool.runWorker(ForkJoinPool.java:1692)
	at java.util.concurrent.ForkJoinWorkerThread.run(ForkJoinWorkerThread.java:157)
2018-02-28 21:50:39,239 INFO  [Reflections] Reflections took 703 ms to scan 1 urls, producing 1600 keys and 6547 values 
2018-02-28 21:50:39,239 ERROR [SoapUI] An error occurred [com.eviware.soapui.plugins.auto.factories.AutoDiscoveryMethodFactory], see error log for details
2018-02-28 21:50:39,239 ERROR [errorlog] java.lang.ClassNotFoundException: com.eviware.soapui.plugins.auto.factories.AutoDiscoveryMethodFactory
java.lang.ClassNotFoundException: com.eviware.soapui.plugins.auto.factories.AutoDiscoveryMethodFactory
	at java.net.URLClassLoader.findClass(URLClassLoader.java:381)
	at java.lang.ClassLoader.loadClass(ClassLoader.java:424)
	at sun.misc.Launcher$AppClassLoader.loadClass(Launcher.java:338)
	at java.lang.ClassLoader.loadClass(ClassLoader.java:357)
	at java.lang.Class.forName0(Native Method)
	at java.lang.Class.forName(Class.java:264)
	at com.eviware.soapui.plugins.LoaderBase.loadAutoFactories(LoaderBase.java:113)
	at com.eviware.soapui.plugins.LoaderBase.loadFactories(LoaderBase.java:80)
	at com.eviware.soapui.plugins.PluginLoader.loadPluginFactories(PluginLoader.java:141)
	at com.eviware.soapui.plugins.PluginLoader.loadPlugin(PluginLoader.java:104)
	at com.eviware.soapui.plugins.PluginLoader.loadPlugin(PluginLoader.java:54)
	at com.eviware.soapui.plugins.PluginManager.doInstallPlugin(PluginManager.java:141)
	at com.eviware.soapui.plugins.PluginManager.access$600(PluginManager.java:43)
	at com.eviware.soapui.plugins.PluginManager$LoadPluginsTask.computeSequentially(PluginManager.java:420)
	at com.eviware.soapui.plugins.PluginManager$LoadPluginsTask.compute(PluginManager.java:377)
	at com.eviware.soapui.plugins.PluginManager$LoadPluginsTask.compute(PluginManager.java:382)
	at com.eviware.soapui.plugins.PluginManager$LoadPluginsTask.compute(PluginManager.java:365)
	at java.util.concurrent.RecursiveTask.exec(RecursiveTask.java:94)
	at java.util.concurrent.ForkJoinTask.doExec(ForkJoinTask.java:289)
	at java.util.concurrent.ForkJoinPool$WorkQueue.runTask(ForkJoinPool.java:1056)
	at java.util.concurrent.ForkJoinPool.runWorker(ForkJoinPool.java:1692)
	at java.util.concurrent.ForkJoinWorkerThread.run(ForkJoinWorkerThread.java:157)
2018-02-28 21:50:39,241 ERROR [SoapUI] An error occurred [com.eviware.soapui.plugins.auto.factories.AutoImportMethodFactory], see error log for details
2018-02-28 21:50:39,241 ERROR [errorlog] java.lang.ClassNotFoundException: com.eviware.soapui.plugins.auto.factories.AutoImportMethodFactory
java.lang.ClassNotFoundException: com.eviware.soapui.plugins.auto.factories.AutoImportMethodFactory
	at java.net.URLClassLoader.findClass(URLClassLoader.java:381)
	at java.lang.ClassLoader.loadClass(ClassLoader.java:424)
	at sun.misc.Launcher$AppClassLoader.loadClass(Launcher.java:338)
	at java.lang.ClassLoader.loadClass(ClassLoader.java:357)
	at java.lang.Class.forName0(Native Method)
	at java.lang.Class.forName(Class.java:264)
	at com.eviware.soapui.plugins.LoaderBase.loadAutoFactories(LoaderBase.java:113)
	at com.eviware.soapui.plugins.LoaderBase.loadFactories(LoaderBase.java:80)
	at com.eviware.soapui.plugins.PluginLoader.loadPluginFactories(PluginLoader.java:141)
	at com.eviware.soapui.plugins.PluginLoader.loadPlugin(PluginLoader.java:104)
	at com.eviware.soapui.plugins.PluginLoader.loadPlugin(PluginLoader.java:54)
	at com.eviware.soapui.plugins.PluginManager.doInstallPlugin(PluginManager.java:141)
	at com.eviware.soapui.plugins.PluginManager.access$600(PluginManager.java:43)
	at com.eviware.soapui.plugins.PluginManager$LoadPluginsTask.computeSequentially(PluginManager.java:420)
	at com.eviware.soapui.plugins.PluginManager$LoadPluginsTask.compute(PluginManager.java:377)
	at com.eviware.soapui.plugins.PluginManager$LoadPluginsTask.compute(PluginManager.java:382)
	at com.eviware.soapui.plugins.PluginManager$LoadPluginsTask.compute(PluginManager.java:365)
	at java.util.concurrent.RecursiveTask.exec(RecursiveTask.java:94)
	at java.util.concurrent.ForkJoinTask.doExec(ForkJoinTask.java:289)
	at java.util.concurrent.ForkJoinPool$WorkQueue.runTask(ForkJoinPool.java:1056)
	at java.util.concurrent.ForkJoinPool.runWorker(ForkJoinPool.java:1692)
	at java.util.concurrent.ForkJoinWorkerThread.run(ForkJoinWorkerThread.java:157)
2018-02-28 21:50:39,243 INFO  [PluginManager] Adding plugin from [/Users/sensler/.soapuios/plugins/readyapi-swaggerhub-plugin-1.0.jar]
2018-02-28 21:50:39,251 INFO  [Reflections] Reflections took 3 ms to scan 1 urls, producing 13 keys and 21 values 
2018-02-28 21:50:39,642 INFO  [Reflections] Reflections took 389 ms to scan 1 urls, producing 1600 keys and 6547 values 
2018-02-28 21:50:39,643 ERROR [SoapUI] An error occurred [com.eviware.soapui.plugins.auto.factories.AutoDiscoveryMethodFactory], see error log for details
2018-02-28 21:50:39,643 ERROR [errorlog] java.lang.ClassNotFoundException: com.eviware.soapui.plugins.auto.factories.AutoDiscoveryMethodFactory
java.lang.ClassNotFoundException: com.eviware.soapui.plugins.auto.factories.AutoDiscoveryMethodFactory
	at java.net.URLClassLoader.findClass(URLClassLoader.java:381)
	at java.lang.ClassLoader.loadClass(ClassLoader.java:424)
	at sun.misc.Launcher$AppClassLoader.loadClass(Launcher.java:338)
	at java.lang.ClassLoader.loadClass(ClassLoader.java:357)
	at java.lang.Class.forName0(Native Method)
	at java.lang.Class.forName(Class.java:264)
	at com.eviware.soapui.plugins.LoaderBase.loadAutoFactories(LoaderBase.java:113)
	at com.eviware.soapui.plugins.LoaderBase.loadFactories(LoaderBase.java:80)
	at com.eviware.soapui.plugins.PluginLoader.loadPluginFactories(PluginLoader.java:141)
	at com.eviware.soapui.plugins.PluginLoader.loadPlugin(PluginLoader.java:104)
	at com.eviware.soapui.plugins.PluginLoader.loadPlugin(PluginLoader.java:54)
	at com.eviware.soapui.plugins.PluginManager.doInstallPlugin(PluginManager.java:141)
	at com.eviware.soapui.plugins.PluginManager.access$600(PluginManager.java:43)
	at com.eviware.soapui.plugins.PluginManager$LoadPluginsTask.computeSequentially(PluginManager.java:420)
	at com.eviware.soapui.plugins.PluginManager$LoadPluginsTask.compute(PluginManager.java:377)
	at com.eviware.soapui.plugins.PluginManager$LoadPluginsTask.compute(PluginManager.java:382)
	at com.eviware.soapui.plugins.PluginManager$LoadPluginsTask.compute(PluginManager.java:365)
	at java.util.concurrent.RecursiveTask.exec(RecursiveTask.java:94)
	at java.util.concurrent.ForkJoinTask.doExec(ForkJoinTask.java:289)
	at java.util.concurrent.ForkJoinPool$WorkQueue.runTask(ForkJoinPool.java:1056)
	at java.util.concurrent.ForkJoinPool.runWorker(ForkJoinPool.java:1692)
	at java.util.concurrent.ForkJoinWorkerThread.run(ForkJoinWorkerThread.java:157)
2018-02-28 21:50:39,643 ERROR [SoapUI] An error occurred [com.eviware.soapui.plugins.auto.factories.AutoImportMethodFactory], see error log for details
2018-02-28 21:50:39,644 ERROR [errorlog] java.lang.ClassNotFoundException: com.eviware.soapui.plugins.auto.factories.AutoImportMethodFactory
java.lang.ClassNotFoundException: com.eviware.soapui.plugins.auto.factories.AutoImportMethodFactory
	at java.net.URLClassLoader.findClass(URLClassLoader.java:381)
	at java.lang.ClassLoader.loadClass(ClassLoader.java:424)
	at sun.misc.Launcher$AppClassLoader.loadClass(Launcher.java:338)
	at java.lang.ClassLoader.loadClass(ClassLoader.java:357)
	at java.lang.Class.forName0(Native Method)
	at java.lang.Class.forName(Class.java:264)
	at com.eviware.soapui.plugins.LoaderBase.loadAutoFactories(LoaderBase.java:113)
	at com.eviware.soapui.plugins.LoaderBase.loadFactories(LoaderBase.java:80)
	at com.eviware.soapui.plugins.PluginLoader.loadPluginFactories(PluginLoader.java:141)
	at com.eviware.soapui.plugins.PluginLoader.loadPlugin(PluginLoader.java:104)
	at com.eviware.soapui.plugins.PluginLoader.loadPlugin(PluginLoader.java:54)
	at com.eviware.soapui.plugins.PluginManager.doInstallPlugin(PluginManager.java:141)
	at com.eviware.soapui.plugins.PluginManager.access$600(PluginManager.java:43)
	at com.eviware.soapui.plugins.PluginManager$LoadPluginsTask.computeSequentially(PluginManager.java:420)
	at com.eviware.soapui.plugins.PluginManager$LoadPluginsTask.compute(PluginManager.java:377)
	at com.eviware.soapui.plugins.PluginManager$LoadPluginsTask.compute(PluginManager.java:382)
	at com.eviware.soapui.plugins.PluginManager$LoadPluginsTask.compute(PluginManager.java:365)
	at java.util.concurrent.RecursiveTask.exec(RecursiveTask.java:94)
	at java.util.concurrent.ForkJoinTask.doExec(ForkJoinTask.java:289)
	at java.util.concurrent.ForkJoinPool$WorkQueue.runTask(ForkJoinPool.java:1056)
	at java.util.concurrent.ForkJoinPool.runWorker(ForkJoinPool.java:1692)
	at java.util.concurrent.ForkJoinWorkerThread.run(ForkJoinWorkerThread.java:157)
2018-02-28 21:50:39,646 INFO  [PluginManager] 5 plugins loaded in 2094 ms
2018-02-28 21:50:39,647 INFO  [DefaultSoapUICore] All plugins loaded
2018-02-28 21:50:40,066 INFO  [WsdlProject] Loaded project from [file:/Users/sensler/git/docker.git/soapuimock/demoService-soapui-project.xml]
2018-02-28 21:50:40,071 INFO  [SoapUIMockServiceRunner] Running MockService [MockService] in project [demoService]
2018-02-28 21:50:40,071 INFO  [SoapUIMockServiceRunner] Press any key to terminate
2018-02-28 21:50:40,204 INFO  [SchemaUtils] Added default schema from file:/Users/sensler/git/docker.git/soapuimock/SoapUI-5.4.0/bin/soapui-5.4.0.jar!/com/eviware/soapui/resources/xsds/xop.xsd with targetNamespace http://www.w3.org/2004/08/xop/include
2018-02-28 21:50:40,216 INFO  [SchemaUtils] Added default schema from file:/Users/sensler/git/docker.git/soapuimock/SoapUI-5.4.0/bin/soapui-5.4.0.jar!/com/eviware/soapui/resources/xsds/XMLSchema.xsd with targetNamespace http://www.w3.org/2001/XMLSchema
2018-02-28 21:50:40,217 INFO  [SchemaUtils] Added default schema from file:/Users/sensler/git/docker.git/soapuimock/SoapUI-5.4.0/bin/soapui-5.4.0.jar!/com/eviware/soapui/resources/xsds/xml.xsd with targetNamespace http://www.w3.org/XML/1998/namespace
2018-02-28 21:50:40,218 INFO  [SchemaUtils] Added default schema from file:/Users/sensler/git/docker.git/soapuimock/SoapUI-5.4.0/bin/soapui-5.4.0.jar!/com/eviware/soapui/resources/xsds/swaref.xsd with targetNamespace http://ws-i.org/profiles/basic/1.1/xsd
2018-02-28 21:50:40,218 INFO  [SchemaUtils] Added default schema from file:/Users/sensler/git/docker.git/soapuimock/SoapUI-5.4.0/bin/soapui-5.4.0.jar!/com/eviware/soapui/resources/xsds/xmime200505.xsd with targetNamespace http://www.w3.org/2005/05/xmlmime
2018-02-28 21:50:40,219 INFO  [SchemaUtils] Added default schema from file:/Users/sensler/git/docker.git/soapuimock/SoapUI-5.4.0/bin/soapui-5.4.0.jar!/com/eviware/soapui/resources/xsds/xmime200411.xsd with targetNamespace http://www.w3.org/2004/11/xmlmime
2018-02-28 21:50:40,221 INFO  [SchemaUtils] Added default schema from file:/Users/sensler/git/docker.git/soapuimock/SoapUI-5.4.0/bin/soapui-5.4.0.jar!/com/eviware/soapui/resources/xsds/soapEnvelope.xsd with targetNamespace http://schemas.xmlsoap.org/soap/envelope/
2018-02-28 21:50:40,223 INFO  [SchemaUtils] Added default schema from file:/Users/sensler/git/docker.git/soapuimock/SoapUI-5.4.0/bin/soapui-5.4.0.jar!/com/eviware/soapui/resources/xsds/soapEncoding.xsd with targetNamespace http://schemas.xmlsoap.org/soap/encoding/
2018-02-28 21:50:40,224 INFO  [SchemaUtils] Added default schema from file:/Users/sensler/git/docker.git/soapuimock/SoapUI-5.4.0/bin/soapui-5.4.0.jar!/com/eviware/soapui/resources/xsds/soapEnvelope12.xsd with targetNamespace http://www.w3.org/2003/05/soap-envelope
2018-02-28 21:50:40,226 INFO  [SchemaUtils] Added default schema from file:/Users/sensler/git/docker.git/soapuimock/SoapUI-5.4.0/bin/soapui-5.4.0.jar!/com/eviware/soapui/resources/xsds/soapEncoding12.xsd with targetNamespace http://www.w3.org/2003/05/soap-encoding
2018-02-28 21:50:40,227 INFO  [SchemaUtils] Loading schema types from [http://localhost:8181/cxf/usingport?wsdl]
2018-02-28 21:50:40,227 INFO  [SchemaUtils] Getting schema http://localhost:8181/cxf/usingport?wsdl
2018-02-28 21:50:40,236 INFO  [SchemaUtils] Getting schema http://localhost:8181/cxf/usingport?xsd=de.aoa.xsd.demo.v1.xsd
2018-02-28 21:50:40,237 INFO  [SchemaUtils] Getting schema http://localhost:8181/cxf/usingport?xsd=de.aoa.ei.foundation.v1.xsd
2018-02-28 21:50:40,382 INFO  [WsdlMockDispatcher] Mounted WSDL for interface [DemoPortType1Binding] at [/mockDemoPortType1Binding?WSDL]
2018-02-28 21:50:40,397 INFO  [jetty] Logging to com.eviware.soapui.support.log.JettyLogger@5ad6cc21 via com.eviware.soapui.support.log.JettyLogger
2018-02-28 21:50:40,430 INFO  [jetty] jetty-6.1.26
2018-02-28 21:50:40,465 INFO  [jetty] Started JettyMockEngine$SoapUIConnector@0.0.0.0:8091
2018-02-28 21:50:40,466 INFO  [JettyMockEngine] Started mockService [MockService] on port [8091] at path [/mockDemoPortType1Binding]
2018-02-28 21:50:40,466 INFO  [SoapUIMockServiceRunner] MockService started on port 8091 at path [/mockDemoPortType1Binding]
2018-02-28 21:50:40,466 INFO  [SoapUIMockServiceRunner] Started 1 runner
